[debug] [2024-05-07T07:00:53.889Z] ----------------------------------------------------------------------
[debug] [2024-05-07T07:00:53.892Z] Command:       C:\Program Files\nodejs\node.exe C:\Users\hitmachut\AppData\Roaming\npm\node_modules\firebase-tools\lib\bin\firebase.js login
[debug] [2024-05-07T07:00:53.892Z] CLI Version:   13.8.0
[debug] [2024-05-07T07:00:53.893Z] Platform:      win32
[debug] [2024-05-07T07:00:53.893Z] Node Version:  v20.10.0
[debug] [2024-05-07T07:00:53.893Z] Time:          Tue May 07 2024 10:00:53 GMT+0300 (שעון ישראל (קיץ))
[debug] [2024-05-07T07:00:53.893Z] ----------------------------------------------------------------------
[debug] 
[debug] [2024-05-07T07:00:53.896Z] >>> [apiv2][query] GET https://firebase-public.firebaseio.com/cli.json [none]
[info] i  Firebase optionally collects CLI and Emulator Suite usage and error reporting information to help improve our products. Data is collected in accordance with Google's privacy policy (https://policies.google.com/privacy) and is not used to identify you.
 
[debug] [2024-05-07T07:00:54.284Z] <<< [apiv2][status] GET https://firebase-public.firebaseio.com/cli.json 200
[debug] [2024-05-07T07:00:54.284Z] <<< [apiv2][body] GET https://firebase-public.firebaseio.com/cli.json {"cloudBuildErrorAfter":1594252800000,"cloudBuildWarnAfter":1590019200000,"defaultNode10After":1594252800000,"minVersion":"3.0.5","node8DeploysDisabledAfter":1613390400000,"node8RuntimeDisabledAfter":1615809600000,"node8WarnAfter":1600128000000}
[info] i  To change your data collection preference at any time, run `firebase logout` and log in again. 
[info] 
[info] Visit this URL on this device to log in:
[info] https://accounts.google.com/o/oauth2/auth?client_id=563584335869-fgrhgmd47bqnekij5i8b5pr03ho849e6.apps.googleusercontent.com&scope=email%20openid%20https%3A%2F%2Fwww.googleapis.com%2Fauth%2Fcloudplatformprojects.readonly%20https%3A%2F%2Fwww.googleapis.com%2Fauth%2Ffirebase%20https%3A%2F%2Fwww.googleapis.com%2Fauth%2Fcloud-platform&response_type=code&state=773947779&redirect_uri=http%3A%2F%2Flocalhost%3A9005
[info] 
[info] Waiting for authentication...
[debug] [2024-05-07T07:03:26.058Z] ----------------------------------------------------------------------
[debug] [2024-05-07T07:03:26.060Z] Command:       C:\Program Files\nodejs\node.exe C:\Users\hitmachut\AppData\Roaming\npm\node_modules\firebase-tools\lib\bin\firebase.js login
[debug] [2024-05-07T07:03:26.061Z] CLI Version:   13.8.0
[debug] [2024-05-07T07:03:26.061Z] Platform:      win32
[debug] [2024-05-07T07:03:26.061Z] Node Version:  v20.10.0
[debug] [2024-05-07T07:03:26.061Z] Time:          Tue May 07 2024 10:03:26 GMT+0300 (שעון ישראל (קיץ))
[debug] [2024-05-07T07:03:26.061Z] ----------------------------------------------------------------------
[debug] 
[info] i  Firebase optionally collects CLI and Emulator Suite usage and error reporting information to help improve our products. Data is collected in accordance with Google's privacy policy (https://policies.google.com/privacy) and is not used to identify you.
 
